Arguments: 
  C:\Program Files\nodejs\node.exe C:\Users\admin\AppData\Roaming\npm\node_modules\yarn\bin\yarn.js add cheeris

PATH: 
  C:\WINDOWS\system32;C:\WINDOWS;C:\WINDOWS\System32\Wbem;C:\WINDOWS\System32\WindowsPowerShell\v1.0\;C:\Program Files (x86)\Intel\Intel(R) Management Engine Components\DAL;C:\Program Files\Intel\Intel(R) Management Engine Components\DAL;C:\Program Files\nodejs\;C:\WINDOWS\System32\OpenSSH\;D:\Git\Git\cmd;C:\Users\admin\AppData\Local\Yarn\bin;C:\Users\admin\.windows-build-tools\python27\;C:\Users\admin\AppData\Local\Programs\Python\Python38\Scripts\;C:\Users\admin\AppData\Local\Programs\Python\Python38\;C:\Users\admin\AppData\Local\Microsoft\WindowsApps;C:\Users\admin\AppData\Roaming\npm;C:\Users\admin\AppData\Local\Programs\Microsoft VS Code\bin;

Yarn version: 
  1.22.4

Node version: 
  12.16.1

Platform: 
  win32 x64

Trace: 
  Error: https://registry.npm.taobao.org/cheeris: Not found
      at Request.params.callback [as _callback] (C:\Users\admin\AppData\Roaming\npm\node_modules\yarn\lib\cli.js:66987:18)
      at Request.self.callback (C:\Users\admin\AppData\Roaming\npm\node_modules\yarn\lib\cli.js:140748:22)
      at Request.emit (events.js:311:20)
      at Request.<anonymous> (C:\Users\admin\AppData\Roaming\npm\node_modules\yarn\lib\cli.js:141720:10)
      at Request.emit (events.js:311:20)
      at IncomingMessage.<anonymous> (C:\Users\admin\AppData\Roaming\npm\node_modules\yarn\lib\cli.js:141642:12)
      at Object.onceWrapper (events.js:417:28)
      at IncomingMessage.emit (events.js:323:22)
      at endReadableNT (_stream_readable.js:1204:12)
      at processTicksAndRejections (internal/process/task_queues.js:84:21)

npm manifest: 
  {
    "name": "cheerio",
    "version": "1.0.0",
    "main": "index.js",
    "license": "MIT"
  }

yarn manifest: 
  No manifest

Lockfile: 
  No lockfile
